2017-08-11 9:13:52 - PHP Notice:  Use of undefined constant language - assumed 'language' in C:\xampp\htdocs\ptd.loc\catalog\view\theme\styletour\template\common\language.tpl on line 6
2017-08-11 9:13:52 - PHP Notice:  Undefined variable: text in C:\xampp\htdocs\ptd.loc\catalog\view\theme\styletour\template\common\language.tpl on line 6
2017-08-11 16:23:01 - PHP Notice:  Undefined index: symbol-left in C:\xampp\htdocs\ptd.loc\catalog\view\theme\styletour\template\common\currency.tpl on line 5
2017-08-11 16:23:01 - PHP Notice:  Undefined index: symbol-left in C:\xampp\htdocs\ptd.loc\catalog\view\theme\styletour\template\common\currency.tpl on line 5
2017-08-11 16:23:01 - PHP Notice:  Undefined index: symbol-left in C:\xampp\htdocs\ptd.loc\catalog\view\theme\styletour\template\common\currency.tpl on line 5
2017-08-14 10:28:09 - PHP Warning:  mail(): SMTP server response: 553 We do not relay non-local mail, sorry. in C:\xampp\htdocs\ptd.loc\system\library\mail.php on line 158
2017-08-16 14:55:47 - PHP Notice:  Use of undefined constant Sname - assumed 'Sname' in C:\xampp\htdocs\ptd.loc\catalog\view\theme\styletour\template\common\header.tpl on line 47
2017-08-16 16:49:59 - PHP Notice:  Undefined index: name in C:\xampp\htdocs\ptd.loc\catalog\view\theme\styletour\template\extension\module\slideshow.tpl on line 21
2017-08-16 17:23:07 - PHP Notice:  Undefined variable: http://localhost/ptd.loc/ptd.loc/index.php?route=common/home in C:\xampp\htdocs\ptd.loc\catalog\view\theme\styletour\template\common\header.tpl on line 97
2017-08-16 17:27:06 - PHP Notice:  Undefined variable: ogg_url in C:\xampp\htdocs\ptd.loc\catalog\view\theme\styletour\template\common\header.tpl on line 97
2017-08-18 11:23:06 - PHP Notice:  Undefined index: thump in C:\xampp\htdocs\ptd.loc\catalog\view\theme\styletour\template\extension\module\featured.tpl on line 7
2017-08-18 11:23:06 - PHP Notice:  Undefined index: thump in C:\xampp\htdocs\ptd.loc\catalog\view\theme\styletour\template\extension\module\featured.tpl on line 7
2017-08-18 11:23:06 - PHP Notice:  Undefined index: thump in C:\xampp\htdocs\ptd.loc\catalog\view\theme\styletour\template\extension\module\featured.tpl on line 7
2017-08-18 11:23:06 - PHP Notice:  Undefined index: thump in C:\xampp\htdocs\ptd.loc\catalog\view\theme\styletour\template\extension\module\featured.tpl on line 7
2017-08-21 13:36:40 - PHP Notice:  Use of undefined constant breadcrump - assumed 'breadcrump' in C:\xampp\htdocs\ptd.loc\catalog\view\theme\styletour\template\product\product.tpl on line 11
2017-08-21 13:36:40 - PHP Warning:  Illegal string offset 'href' in C:\xampp\htdocs\ptd.loc\catalog\view\theme\styletour\template\product\product.tpl on line 11
2017-08-21 13:36:40 - PHP Notice:  Use of undefined constant breadcrump - assumed 'breadcrump' in C:\xampp\htdocs\ptd.loc\catalog\view\theme\styletour\template\product\product.tpl on line 11
2017-08-21 13:36:40 - PHP Warning:  Illegal string offset 'href' in C:\xampp\htdocs\ptd.loc\catalog\view\theme\styletour\template\product\product.tpl on line 11
2017-08-21 13:37:16 - PHP Notice:  Use of undefined constant breadcrump - assumed 'breadcrump' in C:\xampp\htdocs\ptd.loc\catalog\view\theme\styletour\template\product\product.tpl on line 11
2017-08-21 13:37:16 - PHP Warning:  Illegal string offset 'href' in C:\xampp\htdocs\ptd.loc\catalog\view\theme\styletour\template\product\product.tpl on line 11
2017-08-21 13:37:16 - PHP Notice:  Use of undefined constant breadcrump - assumed 'breadcrump' in C:\xampp\htdocs\ptd.loc\catalog\view\theme\styletour\template\product\product.tpl on line 11
2017-08-21 13:37:16 - PHP Warning:  Illegal string offset 'href' in C:\xampp\htdocs\ptd.loc\catalog\view\theme\styletour\template\product\product.tpl on line 11
2017-08-21 13:45:04 - PHP Notice:  Use of undefined constant breadcrump - assumed 'breadcrump' in C:\xampp\htdocs\ptd.loc\catalog\view\theme\styletour\template\product\product.tpl on line 11
2017-08-21 13:45:04 - PHP Warning:  Illegal string offset 'href' in C:\xampp\htdocs\ptd.loc\catalog\view\theme\styletour\template\product\product.tpl on line 11
2017-08-21 13:45:04 - PHP Notice:  Use of undefined constant breadcrump - assumed 'breadcrump' in C:\xampp\htdocs\ptd.loc\catalog\view\theme\styletour\template\product\product.tpl on line 11
2017-08-21 13:45:04 - PHP Warning:  Illegal string offset 'href' in C:\xampp\htdocs\ptd.loc\catalog\view\theme\styletour\template\product\product.tpl on line 11
2017-08-21 13:45:19 - PHP Notice:  Use of undefined constant breadcrump - assumed 'breadcrump' in C:\xampp\htdocs\ptd.loc\catalog\view\theme\styletour\template\product\product.tpl on line 11
2017-08-21 13:45:19 - PHP Warning:  Illegal string offset 'href' in C:\xampp\htdocs\ptd.loc\catalog\view\theme\styletour\template\product\product.tpl on line 11
2017-08-21 13:45:19 - PHP Notice:  Use of undefined constant breadcrump - assumed 'breadcrump' in C:\xampp\htdocs\ptd.loc\catalog\view\theme\styletour\template\product\product.tpl on line 11
2017-08-21 13:45:19 - PHP Warning:  Illegal string offset 'href' in C:\xampp\htdocs\ptd.loc\catalog\view\theme\styletour\template\product\product.tpl on line 11
2017-08-21 13:49:40 - PHP Notice:  Use of undefined constant breadcrump - assumed 'breadcrump' in C:\xampp\htdocs\ptd.loc\catalog\view\theme\styletour\template\product\product.tpl on line 11
2017-08-21 13:49:40 - PHP Warning:  Illegal string offset 'href' in C:\xampp\htdocs\ptd.loc\catalog\view\theme\styletour\template\product\product.tpl on line 11
2017-08-21 13:49:40 - PHP Notice:  Use of undefined constant breadcrump - assumed 'breadcrump' in C:\xampp\htdocs\ptd.loc\catalog\view\theme\styletour\template\product\product.tpl on line 11
2017-08-21 13:49:40 - PHP Warning:  Illegal string offset 'href' in C:\xampp\htdocs\ptd.loc\catalog\view\theme\styletour\template\product\product.tpl on line 11
2017-08-21 13:50:07 - PHP Notice:  Use of undefined constant breadcrump - assumed 'breadcrump' in C:\xampp\htdocs\ptd.loc\catalog\view\theme\styletour\template\product\product.tpl on line 11
2017-08-21 13:50:07 - PHP Warning:  Illegal string offset 'href' in C:\xampp\htdocs\ptd.loc\catalog\view\theme\styletour\template\product\product.tpl on line 11
2017-08-21 13:50:07 - PHP Notice:  Use of undefined constant breadcrump - assumed 'breadcrump' in C:\xampp\htdocs\ptd.loc\catalog\view\theme\styletour\template\product\product.tpl on line 11
2017-08-21 13:50:07 - PHP Warning:  Illegal string offset 'href' in C:\xampp\htdocs\ptd.loc\catalog\view\theme\styletour\template\product\product.tpl on line 11
2017-08-21 14:08:24 - PHP Notice:  Use of undefined constant breadcrump - assumed 'breadcrump' in C:\xampp\htdocs\ptd.loc\catalog\view\theme\styletour\template\product\product.tpl on line 11
2017-08-21 14:08:24 - PHP Warning:  Illegal string offset 'href' in C:\xampp\htdocs\ptd.loc\catalog\view\theme\styletour\template\product\product.tpl on line 11
2017-08-21 14:08:24 - PHP Notice:  Use of undefined constant breadcrump - assumed 'breadcrump' in C:\xampp\htdocs\ptd.loc\catalog\view\theme\styletour\template\product\product.tpl on line 11
2017-08-21 14:08:24 - PHP Warning:  Illegal string offset 'href' in C:\xampp\htdocs\ptd.loc\catalog\view\theme\styletour\template\product\product.tpl on line 11
2017-08-21 14:08:33 - PHP Notice:  Use of undefined constant breadcrump - assumed 'breadcrump' in C:\xampp\htdocs\ptd.loc\catalog\view\theme\styletour\template\product\product.tpl on line 11
2017-08-21 14:08:33 - PHP Warning:  Illegal string offset 'href' in C:\xampp\htdocs\ptd.loc\catalog\view\theme\styletour\template\product\product.tpl on line 11
2017-08-21 14:08:33 - PHP Notice:  Use of undefined constant breadcrump - assumed 'breadcrump' in C:\xampp\htdocs\ptd.loc\catalog\view\theme\styletour\template\product\product.tpl on line 11
2017-08-21 14:08:33 - PHP Warning:  Illegal string offset 'href' in C:\xampp\htdocs\ptd.loc\catalog\view\theme\styletour\template\product\product.tpl on line 11
2017-08-21 14:08:38 - PHP Notice:  Use of undefined constant breadcrump - assumed 'breadcrump' in C:\xampp\htdocs\ptd.loc\catalog\view\theme\styletour\template\product\product.tpl on line 11
2017-08-21 14:08:38 - PHP Warning:  Illegal string offset 'href' in C:\xampp\htdocs\ptd.loc\catalog\view\theme\styletour\template\product\product.tpl on line 11
2017-08-21 14:08:38 - PHP Notice:  Use of undefined constant breadcrump - assumed 'breadcrump' in C:\xampp\htdocs\ptd.loc\catalog\view\theme\styletour\template\product\product.tpl on line 11
2017-08-21 14:08:38 - PHP Warning:  Illegal string offset 'href' in C:\xampp\htdocs\ptd.loc\catalog\view\theme\styletour\template\product\product.tpl on line 11
2017-08-21 14:08:42 - PHP Notice:  Use of undefined constant breadcrump - assumed 'breadcrump' in C:\xampp\htdocs\ptd.loc\catalog\view\theme\styletour\template\product\product.tpl on line 11
2017-08-21 14:08:42 - PHP Warning:  Illegal string offset 'href' in C:\xampp\htdocs\ptd.loc\catalog\view\theme\styletour\template\product\product.tpl on line 11
2017-08-21 14:08:42 - PHP Notice:  Use of undefined constant breadcrump - assumed 'breadcrump' in C:\xampp\htdocs\ptd.loc\catalog\view\theme\styletour\template\product\product.tpl on line 11
2017-08-21 14:08:42 - PHP Warning:  Illegal string offset 'href' in C:\xampp\htdocs\ptd.loc\catalog\view\theme\styletour\template\product\product.tpl on line 11
2017-08-21 14:08:52 - PHP Notice:  Use of undefined constant breadcrump - assumed 'breadcrump' in C:\xampp\htdocs\ptd.loc\catalog\view\theme\styletour\template\product\product.tpl on line 11
2017-08-21 14:08:52 - PHP Warning:  Illegal string offset 'href' in C:\xampp\htdocs\ptd.loc\catalog\view\theme\styletour\template\product\product.tpl on line 11
2017-08-21 14:08:52 - PHP Notice:  Use of undefined constant breadcrump - assumed 'breadcrump' in C:\xampp\htdocs\ptd.loc\catalog\view\theme\styletour\template\product\product.tpl on line 11
2017-08-21 14:08:52 - PHP Warning:  Illegal string offset 'href' in C:\xampp\htdocs\ptd.loc\catalog\view\theme\styletour\template\product\product.tpl on line 11
2017-08-21 14:08:57 - PHP Notice:  Use of undefined constant breadcrump - assumed 'breadcrump' in C:\xampp\htdocs\ptd.loc\catalog\view\theme\styletour\template\product\product.tpl on line 11
2017-08-21 14:08:57 - PHP Warning:  Illegal string offset 'href' in C:\xampp\htdocs\ptd.loc\catalog\view\theme\styletour\template\product\product.tpl on line 11
2017-08-21 14:08:57 - PHP Notice:  Use of undefined constant breadcrump - assumed 'breadcrump' in C:\xampp\htdocs\ptd.loc\catalog\view\theme\styletour\template\product\product.tpl on line 11
2017-08-21 14:08:57 - PHP Warning:  Illegal string offset 'href' in C:\xampp\htdocs\ptd.loc\catalog\view\theme\styletour\template\product\product.tpl on line 11
2017-08-21 14:12:28 - PHP Notice:  Use of undefined constant breadcrumb - assumed 'breadcrumb' in C:\xampp\htdocs\ptd.loc\catalog\view\theme\styletour\template\product\product.tpl on line 11
2017-08-21 14:12:28 - PHP Warning:  Illegal string offset 'href' in C:\xampp\htdocs\ptd.loc\catalog\view\theme\styletour\template\product\product.tpl on line 11
2017-08-21 14:12:28 - PHP Notice:  Undefined variable: breadcrumb in C:\xampp\htdocs\ptd.loc\catalog\view\theme\styletour\template\product\product.tpl on line 11
2017-08-21 14:12:28 - PHP Notice:  Use of undefined constant breadcrumb - assumed 'breadcrumb' in C:\xampp\htdocs\ptd.loc\catalog\view\theme\styletour\template\product\product.tpl on line 11
2017-08-21 14:12:28 - PHP Warning:  Illegal string offset 'href' in C:\xampp\htdocs\ptd.loc\catalog\view\theme\styletour\template\product\product.tpl on line 11
2017-08-21 14:12:28 - PHP Notice:  Undefined variable: breadcrumb in C:\xampp\htdocs\ptd.loc\catalog\view\theme\styletour\template\product\product.tpl on line 11
2017-08-21 14:12:47 - PHP Notice:  Use of undefined constant breadcrumb - assumed 'breadcrumb' in C:\xampp\htdocs\ptd.loc\catalog\view\theme\styletour\template\product\product.tpl on line 11
2017-08-21 14:12:47 - PHP Warning:  Illegal string offset 'href' in C:\xampp\htdocs\ptd.loc\catalog\view\theme\styletour\template\product\product.tpl on line 11
2017-08-21 14:12:47 - PHP Notice:  Use of undefined constant breadcrumb - assumed 'breadcrumb' in C:\xampp\htdocs\ptd.loc\catalog\view\theme\styletour\template\product\product.tpl on line 11
2017-08-21 14:12:47 - PHP Warning:  Illegal string offset 'href' in C:\xampp\htdocs\ptd.loc\catalog\view\theme\styletour\template\product\product.tpl on line 11
2017-08-21 14:13:07 - PHP Notice:  Use of undefined constant breadcrumb - assumed 'breadcrumb' in C:\xampp\htdocs\ptd.loc\catalog\view\theme\styletour\template\product\product.tpl on line 11
2017-08-21 14:13:07 - PHP Warning:  Illegal string offset 'href' in C:\xampp\htdocs\ptd.loc\catalog\view\theme\styletour\template\product\product.tpl on line 11
2017-08-21 14:13:07 - PHP Notice:  Use of undefined constant breadcrumb - assumed 'breadcrumb' in C:\xampp\htdocs\ptd.loc\catalog\view\theme\styletour\template\product\product.tpl on line 11
2017-08-21 14:13:07 - PHP Warning:  Illegal string offset 'href' in C:\xampp\htdocs\ptd.loc\catalog\view\theme\styletour\template\product\product.tpl on line 11
2017-08-21 14:13:47 - PHP Notice:  Use of undefined constant breadcrumb - assumed 'breadcrumb' in C:\xampp\htdocs\ptd.loc\catalog\view\theme\styletour\template\product\product.tpl on line 11
2017-08-21 14:13:47 - PHP Warning:  Illegal string offset 'href' in C:\xampp\htdocs\ptd.loc\catalog\view\theme\styletour\template\product\product.tpl on line 11
2017-08-21 14:13:47 - PHP Notice:  Use of undefined constant breadcrumb - assumed 'breadcrumb' in C:\xampp\htdocs\ptd.loc\catalog\view\theme\styletour\template\product\product.tpl on line 11
2017-08-21 14:13:47 - PHP Warning:  Illegal string offset 'href' in C:\xampp\htdocs\ptd.loc\catalog\view\theme\styletour\template\product\product.tpl on line 11
2017-08-21 14:16:01 - PHP Notice:  Use of undefined constant breadcrumb - assumed 'breadcrumb' in C:\xampp\htdocs\ptd.loc\catalog\view\theme\styletour\template\product\product.tpl on line 11
2017-08-21 14:16:01 - PHP Warning:  Illegal string offset 'href' in C:\xampp\htdocs\ptd.loc\catalog\view\theme\styletour\template\product\product.tpl on line 11
2017-08-21 14:16:01 - PHP Notice:  Use of undefined constant breadcrumb - assumed 'breadcrumb' in C:\xampp\htdocs\ptd.loc\catalog\view\theme\styletour\template\product\product.tpl on line 11
2017-08-21 14:16:01 - PHP Warning:  Illegal string offset 'href' in C:\xampp\htdocs\ptd.loc\catalog\view\theme\styletour\template\product\product.tpl on line 11
2017-08-21 14:17:23 - PHP Notice:  Use of undefined constant breadcrumb - assumed 'breadcrumb' in C:\xampp\htdocs\ptd.loc\catalog\view\theme\styletour\template\product\product.tpl on line 11
2017-08-21 14:17:23 - PHP Warning:  Illegal string offset 'href' in C:\xampp\htdocs\ptd.loc\catalog\view\theme\styletour\template\product\product.tpl on line 11
2017-08-21 14:17:23 - PHP Notice:  Use of undefined constant breadcrumb - assumed 'breadcrumb' in C:\xampp\htdocs\ptd.loc\catalog\view\theme\styletour\template\product\product.tpl on line 11
2017-08-21 14:17:23 - PHP Warning:  Illegal string offset 'href' in C:\xampp\htdocs\ptd.loc\catalog\view\theme\styletour\template\product\product.tpl on line 11
2017-08-21 14:19:31 - PHP Notice:  Use of undefined constant breadcrumb - assumed 'breadcrumb' in C:\xampp\htdocs\ptd.loc\catalog\view\theme\styletour\template\product\product.tpl on line 11
2017-08-21 14:19:31 - PHP Warning:  Illegal string offset 'href' in C:\xampp\htdocs\ptd.loc\catalog\view\theme\styletour\template\product\product.tpl on line 11
2017-08-21 14:19:31 - PHP Notice:  Use of undefined constant breadcrumb - assumed 'breadcrumb' in C:\xampp\htdocs\ptd.loc\catalog\view\theme\styletour\template\product\product.tpl on line 11
2017-08-21 14:19:31 - PHP Warning:  Illegal string offset 'href' in C:\xampp\htdocs\ptd.loc\catalog\view\theme\styletour\template\product\product.tpl on line 11
2017-08-21 14:22:18 - PHP Notice:  Use of undefined constant breadcrumb - assumed 'breadcrumb' in C:\xampp\htdocs\ptd.loc\catalog\view\theme\styletour\template\product\product.tpl on line 11
2017-08-21 14:22:18 - PHP Warning:  Illegal string offset 'href' in C:\xampp\htdocs\ptd.loc\catalog\view\theme\styletour\template\product\product.tpl on line 11
2017-08-21 14:22:18 - PHP Notice:  Use of undefined constant breadcrumb - assumed 'breadcrumb' in C:\xampp\htdocs\ptd.loc\catalog\view\theme\styletour\template\product\product.tpl on line 11
2017-08-21 14:22:18 - PHP Warning:  Illegal string offset 'href' in C:\xampp\htdocs\ptd.loc\catalog\view\theme\styletour\template\product\product.tpl on line 11
2017-08-21 14:22:22 - PHP Notice:  Use of undefined constant breadcrumb - assumed 'breadcrumb' in C:\xampp\htdocs\ptd.loc\catalog\view\theme\styletour\template\product\product.tpl on line 11
2017-08-21 14:22:22 - PHP Warning:  Illegal string offset 'href' in C:\xampp\htdocs\ptd.loc\catalog\view\theme\styletour\template\product\product.tpl on line 11
2017-08-21 14:22:22 - PHP Notice:  Use of undefined constant breadcrumb - assumed 'breadcrumb' in C:\xampp\htdocs\ptd.loc\catalog\view\theme\styletour\template\product\product.tpl on line 11
2017-08-21 14:22:22 - PHP Warning:  Illegal string offset 'href' in C:\xampp\htdocs\ptd.loc\catalog\view\theme\styletour\template\product\product.tpl on line 11
2017-08-21 14:30:23 - PHP Notice:  Use of undefined constant breadcrumb - assumed 'breadcrumb' in C:\xampp\htdocs\ptd.loc\catalog\view\theme\styletour\template\product\product.tpl on line 11
2017-08-21 14:30:23 - PHP Warning:  Illegal string offset 'href' in C:\xampp\htdocs\ptd.loc\catalog\view\theme\styletour\template\product\product.tpl on line 11
2017-08-21 14:30:23 - PHP Notice:  Use of undefined constant breadcrumb - assumed 'breadcrumb' in C:\xampp\htdocs\ptd.loc\catalog\view\theme\styletour\template\product\product.tpl on line 11
2017-08-21 14:30:23 - PHP Warning:  Illegal string offset 'href' in C:\xampp\htdocs\ptd.loc\catalog\view\theme\styletour\template\product\product.tpl on line 11
2017-08-21 14:32:04 - PHP Notice:  Use of undefined constant breadcrumb - assumed 'breadcrumb' in C:\xampp\htdocs\ptd.loc\catalog\view\theme\styletour\template\product\product.tpl on line 11
2017-08-21 14:32:04 - PHP Warning:  Illegal string offset 'href' in C:\xampp\htdocs\ptd.loc\catalog\view\theme\styletour\template\product\product.tpl on line 11
2017-08-21 14:32:04 - PHP Notice:  Use of undefined constant breadcrumb - assumed 'breadcrumb' in C:\xampp\htdocs\ptd.loc\catalog\view\theme\styletour\template\product\product.tpl on line 11
2017-08-21 14:32:04 - PHP Warning:  Illegal string offset 'href' in C:\xampp\htdocs\ptd.loc\catalog\view\theme\styletour\template\product\product.tpl on line 11
2017-08-21 14:35:12 - PHP Notice:  Use of undefined constant breadcrumb - assumed 'breadcrumb' in C:\xampp\htdocs\ptd.loc\catalog\view\theme\styletour\template\product\product.tpl on line 11
2017-08-21 14:35:12 - PHP Warning:  Illegal string offset 'href' in C:\xampp\htdocs\ptd.loc\catalog\view\theme\styletour\template\product\product.tpl on line 11
2017-08-21 14:35:12 - PHP Notice:  Use of undefined constant breadcrumb - assumed 'breadcrumb' in C:\xampp\htdocs\ptd.loc\catalog\view\theme\styletour\template\product\product.tpl on line 11
2017-08-21 14:35:12 - PHP Warning:  Illegal string offset 'href' in C:\xampp\htdocs\ptd.loc\catalog\view\theme\styletour\template\product\product.tpl on line 11
2017-08-21 14:38:55 - PHP Notice:  Use of undefined constant breadcrumb - assumed 'breadcrumb' in C:\xampp\htdocs\ptd.loc\catalog\view\theme\styletour\template\product\product.tpl on line 11
2017-08-21 14:38:55 - PHP Warning:  Illegal string offset 'href' in C:\xampp\htdocs\ptd.loc\catalog\view\theme\styletour\template\product\product.tpl on line 11
2017-08-21 14:38:55 - PHP Notice:  Use of undefined constant breadcrumb - assumed 'breadcrumb' in C:\xampp\htdocs\ptd.loc\catalog\view\theme\styletour\template\product\product.tpl on line 11
2017-08-21 14:38:55 - PHP Warning:  Illegal string offset 'href' in C:\xampp\htdocs\ptd.loc\catalog\view\theme\styletour\template\product\product.tpl on line 11
2017-08-21 14:44:30 - PHP Notice:  Use of undefined constant breadcrumb - assumed 'breadcrumb' in C:\xampp\htdocs\ptd.loc\catalog\view\theme\styletour\template\product\product.tpl on line 11
2017-08-21 14:44:30 - PHP Warning:  Illegal string offset 'href' in C:\xampp\htdocs\ptd.loc\catalog\view\theme\styletour\template\product\product.tpl on line 11
2017-08-21 14:44:30 - PHP Notice:  Use of undefined constant breadcrumb - assumed 'breadcrumb' in C:\xampp\htdocs\ptd.loc\catalog\view\theme\styletour\template\product\product.tpl on line 11
2017-08-21 14:44:30 - PHP Warning:  Illegal string offset 'href' in C:\xampp\htdocs\ptd.loc\catalog\view\theme\styletour\template\product\product.tpl on line 11
2017-08-21 14:49:47 - PHP Notice:  Use of undefined constant breadcrumb - assumed 'breadcrumb' in C:\xampp\htdocs\ptd.loc\catalog\view\theme\styletour\template\product\product.tpl on line 11
2017-08-21 14:49:47 - PHP Warning:  Illegal string offset 'href' in C:\xampp\htdocs\ptd.loc\catalog\view\theme\styletour\template\product\product.tpl on line 11
2017-08-21 14:49:47 - PHP Notice:  Use of undefined constant breadcrumb - assumed 'breadcrumb' in C:\xampp\htdocs\ptd.loc\catalog\view\theme\styletour\template\product\product.tpl on line 11
2017-08-21 14:49:47 - PHP Warning:  Illegal string offset 'href' in C:\xampp\htdocs\ptd.loc\catalog\view\theme\styletour\template\product\product.tpl on line 11
2017-08-21 14:50:07 - PHP Notice:  Use of undefined constant breadcrumb - assumed 'breadcrumb' in C:\xampp\htdocs\ptd.loc\catalog\view\theme\styletour\template\product\product.tpl on line 11
2017-08-21 14:50:07 - PHP Warning:  Illegal string offset 'href' in C:\xampp\htdocs\ptd.loc\catalog\view\theme\styletour\template\product\product.tpl on line 11
2017-08-21 14:50:07 - PHP Notice:  Use of undefined constant breadcrumb - assumed 'breadcrumb' in C:\xampp\htdocs\ptd.loc\catalog\view\theme\styletour\template\product\product.tpl on line 11
2017-08-21 14:50:07 - PHP Warning:  Illegal string offset 'href' in C:\xampp\htdocs\ptd.loc\catalog\view\theme\styletour\template\product\product.tpl on line 11
2017-08-21 14:50:49 - PHP Notice:  Use of undefined constant breadcrumb - assumed 'breadcrumb' in C:\xampp\htdocs\ptd.loc\catalog\view\theme\styletour\template\product\product.tpl on line 11
2017-08-21 14:50:49 - PHP Warning:  Illegal string offset 'href' in C:\xampp\htdocs\ptd.loc\catalog\view\theme\styletour\template\product\product.tpl on line 11
2017-08-21 14:50:49 - PHP Notice:  Use of undefined constant breadcrumb - assumed 'breadcrumb' in C:\xampp\htdocs\ptd.loc\catalog\view\theme\styletour\template\product\product.tpl on line 11
2017-08-21 14:50:49 - PHP Warning:  Illegal string offset 'href' in C:\xampp\htdocs\ptd.loc\catalog\view\theme\styletour\template\product\product.tpl on line 11
2017-08-21 14:52:07 - PHP Notice:  Use of undefined constant breadcrumb - assumed 'breadcrumb' in C:\xampp\htdocs\ptd.loc\catalog\view\theme\styletour\template\product\product.tpl on line 11
2017-08-21 14:52:07 - PHP Warning:  Illegal string offset 'href' in C:\xampp\htdocs\ptd.loc\catalog\view\theme\styletour\template\product\product.tpl on line 11
2017-08-21 14:52:07 - PHP Notice:  Use of undefined constant breadcrumb - assumed 'breadcrumb' in C:\xampp\htdocs\ptd.loc\catalog\view\theme\styletour\template\product\product.tpl on line 11
2017-08-21 14:52:07 - PHP Warning:  Illegal string offset 'href' in C:\xampp\htdocs\ptd.loc\catalog\view\theme\styletour\template\product\product.tpl on line 11
2017-08-21 14:55:41 - PHP Notice:  Use of undefined constant breadcrumb - assumed 'breadcrumb' in C:\xampp\htdocs\ptd.loc\catalog\view\theme\styletour\template\product\product.tpl on line 11
2017-08-21 14:55:41 - PHP Warning:  Illegal string offset 'href' in C:\xampp\htdocs\ptd.loc\catalog\view\theme\styletour\template\product\product.tpl on line 11
2017-08-21 14:55:41 - PHP Notice:  Use of undefined constant breadcrumb - assumed 'breadcrumb' in C:\xampp\htdocs\ptd.loc\catalog\view\theme\styletour\template\product\product.tpl on line 11
2017-08-21 14:55:41 - PHP Warning:  Illegal string offset 'href' in C:\xampp\htdocs\ptd.loc\catalog\view\theme\styletour\template\product\product.tpl on line 11
2017-08-21 14:56:22 - PHP Notice:  Use of undefined constant breadcrumb - assumed 'breadcrumb' in C:\xampp\htdocs\ptd.loc\catalog\view\theme\styletour\template\product\product.tpl on line 11
2017-08-21 14:56:22 - PHP Warning:  Illegal string offset 'href' in C:\xampp\htdocs\ptd.loc\catalog\view\theme\styletour\template\product\product.tpl on line 11
2017-08-21 14:56:22 - PHP Notice:  Use of undefined constant breadcrumb - assumed 'breadcrumb' in C:\xampp\htdocs\ptd.loc\catalog\view\theme\styletour\template\product\product.tpl on line 11
2017-08-21 14:56:22 - PHP Warning:  Illegal string offset 'href' in C:\xampp\htdocs\ptd.loc\catalog\view\theme\styletour\template\product\product.tpl on line 11
2017-08-21 14:57:42 - PHP Notice:  Use of undefined constant breadcrumb - assumed 'breadcrumb' in C:\xampp\htdocs\ptd.loc\catalog\view\theme\styletour\template\product\product.tpl on line 11
2017-08-21 14:57:42 - PHP Warning:  Illegal string offset 'href' in C:\xampp\htdocs\ptd.loc\catalog\view\theme\styletour\template\product\product.tpl on line 11
2017-08-21 14:57:42 - PHP Notice:  Use of undefined constant breadcrumb - assumed 'breadcrumb' in C:\xampp\htdocs\ptd.loc\catalog\view\theme\styletour\template\product\product.tpl on line 11
2017-08-21 14:57:42 - PHP Warning:  Illegal string offset 'href' in C:\xampp\htdocs\ptd.loc\catalog\view\theme\styletour\template\product\product.tpl on line 11
2017-08-21 14:57:50 - PHP Notice:  Use of undefined constant breadcrumb - assumed 'breadcrumb' in C:\xampp\htdocs\ptd.loc\catalog\view\theme\styletour\template\product\product.tpl on line 11
2017-08-21 14:57:50 - PHP Warning:  Illegal string offset 'href' in C:\xampp\htdocs\ptd.loc\catalog\view\theme\styletour\template\product\product.tpl on line 11
2017-08-21 14:57:50 - PHP Notice:  Use of undefined constant breadcrumb - assumed 'breadcrumb' in C:\xampp\htdocs\ptd.loc\catalog\view\theme\styletour\template\product\product.tpl on line 11
2017-08-21 14:57:50 - PHP Warning:  Illegal string offset 'href' in C:\xampp\htdocs\ptd.loc\catalog\view\theme\styletour\template\product\product.tpl on line 11
2017-08-21 15:23:38 - PHP Notice:  Use of undefined constant breadcrumb - assumed 'breadcrumb' in C:\xampp\htdocs\ptd.loc\catalog\view\theme\styletour\template\product\product.tpl on line 11
2017-08-21 15:23:38 - PHP Warning:  Illegal string offset 'href' in C:\xampp\htdocs\ptd.loc\catalog\view\theme\styletour\template\product\product.tpl on line 11
2017-08-21 15:23:38 - PHP Notice:  Use of undefined constant breadcrumb - assumed 'breadcrumb' in C:\xampp\htdocs\ptd.loc\catalog\view\theme\styletour\template\product\product.tpl on line 11
2017-08-21 15:23:38 - PHP Warning:  Illegal string offset 'href' in C:\xampp\htdocs\ptd.loc\catalog\view\theme\styletour\template\product\product.tpl on line 11
2017-08-21 15:27:16 - PHP Notice:  Use of undefined constant breadcrumb - assumed 'breadcrumb' in C:\xampp\htdocs\ptd.loc\catalog\view\theme\styletour\template\product\product.tpl on line 11
2017-08-21 15:27:16 - PHP Warning:  Illegal string offset 'href' in C:\xampp\htdocs\ptd.loc\catalog\view\theme\styletour\template\product\product.tpl on line 11
2017-08-21 15:27:16 - PHP Notice:  Use of undefined constant breadcrumb - assumed 'breadcrumb' in C:\xampp\htdocs\ptd.loc\catalog\view\theme\styletour\template\product\product.tpl on line 11
2017-08-21 15:27:16 - PHP Warning:  Illegal string offset 'href' in C:\xampp\htdocs\ptd.loc\catalog\view\theme\styletour\template\product\product.tpl on line 11
2017-08-21 15:28:45 - PHP Notice:  Use of undefined constant breadcrumb - assumed 'breadcrumb' in C:\xampp\htdocs\ptd.loc\catalog\view\theme\styletour\template\product\product.tpl on line 11
2017-08-21 15:28:45 - PHP Warning:  Illegal string offset 'href' in C:\xampp\htdocs\ptd.loc\catalog\view\theme\styletour\template\product\product.tpl on line 11
2017-08-21 15:28:45 - PHP Notice:  Use of undefined constant breadcrumb - assumed 'breadcrumb' in C:\xampp\htdocs\ptd.loc\catalog\view\theme\styletour\template\product\product.tpl on line 11
2017-08-21 15:28:45 - PHP Warning:  Illegal string offset 'href' in C:\xampp\htdocs\ptd.loc\catalog\view\theme\styletour\template\product\product.tpl on line 11
2017-08-21 15:32:27 - PHP Notice:  Use of undefined constant breadcrumb - assumed 'breadcrumb' in C:\xampp\htdocs\ptd.loc\catalog\view\theme\styletour\template\product\product.tpl on line 11
2017-08-21 15:32:27 - PHP Warning:  Illegal string offset 'href' in C:\xampp\htdocs\ptd.loc\catalog\view\theme\styletour\template\product\product.tpl on line 11
2017-08-21 15:32:27 - PHP Notice:  Use of undefined constant breadcrumb - assumed 'breadcrumb' in C:\xampp\htdocs\ptd.loc\catalog\view\theme\styletour\template\product\product.tpl on line 11
2017-08-21 15:32:27 - PHP Warning:  Illegal string offset 'href' in C:\xampp\htdocs\ptd.loc\catalog\view\theme\styletour\template\product\product.tpl on line 11
2017-08-21 15:38:51 - PHP Notice:  Use of undefined constant breadcrumb - assumed 'breadcrumb' in C:\xampp\htdocs\ptd.loc\catalog\view\theme\styletour\template\product\product.tpl on line 11
2017-08-21 15:38:51 - PHP Warning:  Illegal string offset 'href' in C:\xampp\htdocs\ptd.loc\catalog\view\theme\styletour\template\product\product.tpl on line 11
2017-08-21 15:38:51 - PHP Notice:  Use of undefined constant breadcrumb - assumed 'breadcrumb' in C:\xampp\htdocs\ptd.loc\catalog\view\theme\styletour\template\product\product.tpl on line 11
2017-08-21 15:38:51 - PHP Warning:  Illegal string offset 'href' in C:\xampp\htdocs\ptd.loc\catalog\view\theme\styletour\template\product\product.tpl on line 11
2017-08-21 15:38:54 - PHP Notice:  Use of undefined constant breadcrumb - assumed 'breadcrumb' in C:\xampp\htdocs\ptd.loc\catalog\view\theme\styletour\template\product\product.tpl on line 11
2017-08-21 15:38:54 - PHP Warning:  Illegal string offset 'href' in C:\xampp\htdocs\ptd.loc\catalog\view\theme\styletour\template\product\product.tpl on line 11
2017-08-21 15:38:54 - PHP Notice:  Use of undefined constant breadcrumb - assumed 'breadcrumb' in C:\xampp\htdocs\ptd.loc\catalog\view\theme\styletour\template\product\product.tpl on line 11
2017-08-21 15:38:54 - PHP Warning:  Illegal string offset 'href' in C:\xampp\htdocs\ptd.loc\catalog\view\theme\styletour\template\product\product.tpl on line 11
2017-08-21 15:39:46 - PHP Notice:  Use of undefined constant breadcrumb - assumed 'breadcrumb' in C:\xampp\htdocs\ptd.loc\catalog\view\theme\styletour\template\product\product.tpl on line 11
2017-08-21 15:39:46 - PHP Warning:  Illegal string offset 'href' in C:\xampp\htdocs\ptd.loc\catalog\view\theme\styletour\template\product\product.tpl on line 11
2017-08-21 15:39:46 - PHP Notice:  Use of undefined constant breadcrumb - assumed 'breadcrumb' in C:\xampp\htdocs\ptd.loc\catalog\view\theme\styletour\template\product\product.tpl on line 11
2017-08-21 15:39:46 - PHP Warning:  Illegal string offset 'href' in C:\xampp\htdocs\ptd.loc\catalog\view\theme\styletour\template\product\product.tpl on line 11
2017-08-21 15:41:06 - PHP Notice:  Use of undefined constant breadcrumb - assumed 'breadcrumb' in C:\xampp\htdocs\ptd.loc\catalog\view\theme\styletour\template\product\product.tpl on line 11
2017-08-21 15:41:06 - PHP Warning:  Illegal string offset 'href' in C:\xampp\htdocs\ptd.loc\catalog\view\theme\styletour\template\product\product.tpl on line 11
2017-08-21 15:41:06 - PHP Notice:  Use of undefined constant breadcrumb - assumed 'breadcrumb' in C:\xampp\htdocs\ptd.loc\catalog\view\theme\styletour\template\product\product.tpl on line 11
2017-08-21 15:41:06 - PHP Warning:  Illegal string offset 'href' in C:\xampp\htdocs\ptd.loc\catalog\view\theme\styletour\template\product\product.tpl on line 11
2017-08-21 15:44:13 - PHP Notice:  Use of undefined constant breadcrumb - assumed 'breadcrumb' in C:\xampp\htdocs\ptd.loc\catalog\view\theme\styletour\template\product\product.tpl on line 11
2017-08-21 15:44:13 - PHP Warning:  Illegal string offset 'href' in C:\xampp\htdocs\ptd.loc\catalog\view\theme\styletour\template\product\product.tpl on line 11
2017-08-21 15:44:13 - PHP Notice:  Use of undefined constant breadcrumb - assumed 'breadcrumb' in C:\xampp\htdocs\ptd.loc\catalog\view\theme\styletour\template\product\product.tpl on line 11
2017-08-21 15:44:13 - PHP Warning:  Illegal string offset 'href' in C:\xampp\htdocs\ptd.loc\catalog\view\theme\styletour\template\product\product.tpl on line 11
2017-08-21 15:44:29 - PHP Notice:  Use of undefined constant breadcrumb - assumed 'breadcrumb' in C:\xampp\htdocs\ptd.loc\catalog\view\theme\styletour\template\product\product.tpl on line 11
2017-08-21 15:44:29 - PHP Warning:  Illegal string offset 'href' in C:\xampp\htdocs\ptd.loc\catalog\view\theme\styletour\template\product\product.tpl on line 11
2017-08-21 15:44:29 - PHP Notice:  Use of undefined constant breadcrumb - assumed 'breadcrumb' in C:\xampp\htdocs\ptd.loc\catalog\view\theme\styletour\template\product\product.tpl on line 11
2017-08-21 15:44:29 - PHP Warning:  Illegal string offset 'href' in C:\xampp\htdocs\ptd.loc\catalog\view\theme\styletour\template\product\product.tpl on line 11
2017-08-21 15:44:36 - PHP Notice:  Use of undefined constant breadcrumb - assumed 'breadcrumb' in C:\xampp\htdocs\ptd.loc\catalog\view\theme\styletour\template\product\product.tpl on line 11
2017-08-21 15:44:36 - PHP Warning:  Illegal string offset 'href' in C:\xampp\htdocs\ptd.loc\catalog\view\theme\styletour\template\product\product.tpl on line 11
2017-08-21 15:44:36 - PHP Notice:  Use of undefined constant breadcrumb - assumed 'breadcrumb' in C:\xampp\htdocs\ptd.loc\catalog\view\theme\styletour\template\product\product.tpl on line 11
2017-08-21 15:44:36 - PHP Warning:  Illegal string offset 'href' in C:\xampp\htdocs\ptd.loc\catalog\view\theme\styletour\template\product\product.tpl on line 11
2017-08-21 15:44:43 - PHP Notice:  Use of undefined constant breadcrumb - assumed 'breadcrumb' in C:\xampp\htdocs\ptd.loc\catalog\view\theme\styletour\template\product\product.tpl on line 11
2017-08-21 15:44:43 - PHP Warning:  Illegal string offset 'href' in C:\xampp\htdocs\ptd.loc\catalog\view\theme\styletour\template\product\product.tpl on line 11
2017-08-21 15:44:43 - PHP Notice:  Use of undefined constant breadcrumb - assumed 'breadcrumb' in C:\xampp\htdocs\ptd.loc\catalog\view\theme\styletour\template\product\product.tpl on line 11
2017-08-21 15:44:43 - PHP Warning:  Illegal string offset 'href' in C:\xampp\htdocs\ptd.loc\catalog\view\theme\styletour\template\product\product.tpl on line 11
2017-08-21 15:45:25 - PHP Notice:  Use of undefined constant breadcrumb - assumed 'breadcrumb' in C:\xampp\htdocs\ptd.loc\catalog\view\theme\styletour\template\product\product.tpl on line 11
2017-08-21 15:45:25 - PHP Warning:  Illegal string offset 'href' in C:\xampp\htdocs\ptd.loc\catalog\view\theme\styletour\template\product\product.tpl on line 11
2017-08-21 15:45:25 - PHP Notice:  Use of undefined constant breadcrumb - assumed 'breadcrumb' in C:\xampp\htdocs\ptd.loc\catalog\view\theme\styletour\template\product\product.tpl on line 11
2017-08-21 15:45:25 - PHP Warning:  Illegal string offset 'href' in C:\xampp\htdocs\ptd.loc\catalog\view\theme\styletour\template\product\product.tpl on line 11
2017-08-21 15:51:05 - PHP Notice:  Use of undefined constant breadcrumb - assumed 'breadcrumb' in C:\xampp\htdocs\ptd.loc\catalog\view\theme\styletour\template\product\product.tpl on line 11
2017-08-21 15:51:05 - PHP Warning:  Illegal string offset 'href' in C:\xampp\htdocs\ptd.loc\catalog\view\theme\styletour\template\product\product.tpl on line 11
2017-08-21 15:51:05 - PHP Notice:  Use of undefined constant breadcrumb - assumed 'breadcrumb' in C:\xampp\htdocs\ptd.loc\catalog\view\theme\styletour\template\product\product.tpl on line 11
2017-08-21 15:51:05 - PHP Warning:  Illegal string offset 'href' in C:\xampp\htdocs\ptd.loc\catalog\view\theme\styletour\template\product\product.tpl on line 11
2017-08-21 15:52:51 - PHP Notice:  Use of undefined constant breadcrumb - assumed 'breadcrumb' in C:\xampp\htdocs\ptd.loc\catalog\view\theme\styletour\template\product\product.tpl on line 11
2017-08-21 15:52:51 - PHP Warning:  Illegal string offset 'href' in C:\xampp\htdocs\ptd.loc\catalog\view\theme\styletour\template\product\product.tpl on line 11
2017-08-21 15:52:51 - PHP Notice:  Use of undefined constant breadcrumb - assumed 'breadcrumb' in C:\xampp\htdocs\ptd.loc\catalog\view\theme\styletour\template\product\product.tpl on line 11
2017-08-21 15:52:51 - PHP Warning:  Illegal string offset 'href' in C:\xampp\htdocs\ptd.loc\catalog\view\theme\styletour\template\product\product.tpl on line 11
2017-08-21 15:55:46 - PHP Notice:  Use of undefined constant breadcrumb - assumed 'breadcrumb' in C:\xampp\htdocs\ptd.loc\catalog\view\theme\styletour\template\product\product.tpl on line 11
2017-08-21 15:55:46 - PHP Warning:  Illegal string offset 'href' in C:\xampp\htdocs\ptd.loc\catalog\view\theme\styletour\template\product\product.tpl on line 11
2017-08-21 15:55:46 - PHP Notice:  Use of undefined constant breadcrumb - assumed 'breadcrumb' in C:\xampp\htdocs\ptd.loc\catalog\view\theme\styletour\template\product\product.tpl on line 11
2017-08-21 15:55:46 - PHP Warning:  Illegal string offset 'href' in C:\xampp\htdocs\ptd.loc\catalog\view\theme\styletour\template\product\product.tpl on line 11
2017-08-21 16:00:32 - PHP Notice:  Use of undefined constant breadcrumb - assumed 'breadcrumb' in C:\xampp\htdocs\ptd.loc\catalog\view\theme\styletour\template\product\product.tpl on line 11
2017-08-21 16:00:32 - PHP Warning:  Illegal string offset 'href' in C:\xampp\htdocs\ptd.loc\catalog\view\theme\styletour\template\product\product.tpl on line 11
2017-08-21 16:00:32 - PHP Notice:  Use of undefined constant breadcrumb - assumed 'breadcrumb' in C:\xampp\htdocs\ptd.loc\catalog\view\theme\styletour\template\product\product.tpl on line 11
2017-08-21 16:00:32 - PHP Warning:  Illegal string offset 'href' in C:\xampp\htdocs\ptd.loc\catalog\view\theme\styletour\template\product\product.tpl on line 11
2017-08-21 16:01:04 - PHP Notice:  Use of undefined constant breadcrumb - assumed 'breadcrumb' in C:\xampp\htdocs\ptd.loc\catalog\view\theme\styletour\template\product\product.tpl on line 11
2017-08-21 16:01:04 - PHP Warning:  Illegal string offset 'href' in C:\xampp\htdocs\ptd.loc\catalog\view\theme\styletour\template\product\product.tpl on line 11
2017-08-21 16:01:04 - PHP Notice:  Use of undefined constant breadcrumb - assumed 'breadcrumb' in C:\xampp\htdocs\ptd.loc\catalog\view\theme\styletour\template\product\product.tpl on line 11
2017-08-21 16:01:04 - PHP Warning:  Illegal string offset 'href' in C:\xampp\htdocs\ptd.loc\catalog\view\theme\styletour\template\product\product.tpl on line 11
2017-08-21 16:05:55 - PHP Notice:  Use of undefined constant breadcrumb - assumed 'breadcrumb' in C:\xampp\htdocs\ptd.loc\catalog\view\theme\styletour\template\product\product.tpl on line 11
2017-08-21 16:05:55 - PHP Warning:  Illegal string offset 'href' in C:\xampp\htdocs\ptd.loc\catalog\view\theme\styletour\template\product\product.tpl on line 11
2017-08-21 16:05:55 - PHP Notice:  Use of undefined constant breadcrumb - assumed 'breadcrumb' in C:\xampp\htdocs\ptd.loc\catalog\view\theme\styletour\template\product\product.tpl on line 11
2017-08-21 16:05:55 - PHP Warning:  Illegal string offset 'href' in C:\xampp\htdocs\ptd.loc\catalog\view\theme\styletour\template\product\product.tpl on line 11
2017-08-21 16:08:24 - PHP Notice:  Use of undefined constant breadcrumb - assumed 'breadcrumb' in C:\xampp\htdocs\ptd.loc\catalog\view\theme\styletour\template\product\product.tpl on line 11
2017-08-21 16:08:24 - PHP Warning:  Illegal string offset 'href' in C:\xampp\htdocs\ptd.loc\catalog\view\theme\styletour\template\product\product.tpl on line 11
2017-08-21 16:08:24 - PHP Notice:  Use of undefined constant breadcrumb - assumed 'breadcrumb' in C:\xampp\htdocs\ptd.loc\catalog\view\theme\styletour\template\product\product.tpl on line 11
2017-08-21 16:08:24 - PHP Warning:  Illegal string offset 'href' in C:\xampp\htdocs\ptd.loc\catalog\view\theme\styletour\template\product\product.tpl on line 11
2017-08-21 16:12:50 - PHP Notice:  Use of undefined constant breadcrumb - assumed 'breadcrumb' in C:\xampp\htdocs\ptd.loc\catalog\view\theme\styletour\template\product\product.tpl on line 11
2017-08-21 16:12:50 - PHP Warning:  Illegal string offset 'href' in C:\xampp\htdocs\ptd.loc\catalog\view\theme\styletour\template\product\product.tpl on line 11
2017-08-21 16:12:50 - PHP Notice:  Use of undefined constant breadcrumb - assumed 'breadcrumb' in C:\xampp\htdocs\ptd.loc\catalog\view\theme\styletour\template\product\product.tpl on line 11
2017-08-21 16:12:50 - PHP Warning:  Illegal string offset 'href' in C:\xampp\htdocs\ptd.loc\catalog\view\theme\styletour\template\product\product.tpl on line 11
2017-08-21 16:13:00 - PHP Notice:  Use of undefined constant breadcrumb - assumed 'breadcrumb' in C:\xampp\htdocs\ptd.loc\catalog\view\theme\styletour\template\product\product.tpl on line 11
2017-08-21 16:13:00 - PHP Warning:  Illegal string offset 'href' in C:\xampp\htdocs\ptd.loc\catalog\view\theme\styletour\template\product\product.tpl on line 11
2017-08-21 16:13:00 - PHP Notice:  Use of undefined constant breadcrumb - assumed 'breadcrumb' in C:\xampp\htdocs\ptd.loc\catalog\view\theme\styletour\template\product\product.tpl on line 11
2017-08-21 16:13:00 - PHP Warning:  Illegal string offset 'href' in C:\xampp\htdocs\ptd.loc\catalog\view\theme\styletour\template\product\product.tpl on line 11
2017-08-21 16:15:37 - PHP Notice:  Use of undefined constant breadcrumb - assumed 'breadcrumb' in C:\xampp\htdocs\ptd.loc\catalog\view\theme\styletour\template\product\product.tpl on line 11
2017-08-21 16:15:37 - PHP Warning:  Illegal string offset 'href' in C:\xampp\htdocs\ptd.loc\catalog\view\theme\styletour\template\product\product.tpl on line 11
2017-08-21 16:15:37 - PHP Notice:  Use of undefined constant breadcrumb - assumed 'breadcrumb' in C:\xampp\htdocs\ptd.loc\catalog\view\theme\styletour\template\product\product.tpl on line 11
2017-08-21 16:15:37 - PHP Warning:  Illegal string offset 'href' in C:\xampp\htdocs\ptd.loc\catalog\view\theme\styletour\template\product\product.tpl on line 11
2017-08-21 16:15:54 - PHP Notice:  Use of undefined constant breadcrumb - assumed 'breadcrumb' in C:\xampp\htdocs\ptd.loc\catalog\view\theme\styletour\template\product\product.tpl on line 11
2017-08-21 16:15:54 - PHP Warning:  Illegal string offset 'href' in C:\xampp\htdocs\ptd.loc\catalog\view\theme\styletour\template\product\product.tpl on line 11
2017-08-21 16:15:54 - PHP Notice:  Use of undefined constant breadcrumb - assumed 'breadcrumb' in C:\xampp\htdocs\ptd.loc\catalog\view\theme\styletour\template\product\product.tpl on line 11
2017-08-21 16:15:54 - PHP Warning:  Illegal string offset 'href' in C:\xampp\htdocs\ptd.loc\catalog\view\theme\styletour\template\product\product.tpl on line 11
2017-08-21 16:18:56 - PHP Notice:  Use of undefined constant breadcrumb - assumed 'breadcrumb' in C:\xampp\htdocs\ptd.loc\catalog\view\theme\styletour\template\product\product.tpl on line 11
2017-08-21 16:18:56 - PHP Warning:  Illegal string offset 'href' in C:\xampp\htdocs\ptd.loc\catalog\view\theme\styletour\template\product\product.tpl on line 11
2017-08-21 16:18:56 - PHP Notice:  Use of undefined constant breadcrumb - assumed 'breadcrumb' in C:\xampp\htdocs\ptd.loc\catalog\view\theme\styletour\template\product\product.tpl on line 11
2017-08-21 16:18:56 - PHP Warning:  Illegal string offset 'href' in C:\xampp\htdocs\ptd.loc\catalog\view\theme\styletour\template\product\product.tpl on line 11
2017-08-21 16:18:59 - PHP Notice:  Use of undefined constant breadcrumb - assumed 'breadcrumb' in C:\xampp\htdocs\ptd.loc\catalog\view\theme\styletour\template\product\product.tpl on line 11
2017-08-21 16:18:59 - PHP Warning:  Illegal string offset 'href' in C:\xampp\htdocs\ptd.loc\catalog\view\theme\styletour\template\product\product.tpl on line 11
2017-08-21 16:18:59 - PHP Notice:  Use of undefined constant breadcrumb - assumed 'breadcrumb' in C:\xampp\htdocs\ptd.loc\catalog\view\theme\styletour\template\product\product.tpl on line 11
2017-08-21 16:18:59 - PHP Warning:  Illegal string offset 'href' in C:\xampp\htdocs\ptd.loc\catalog\view\theme\styletour\template\product\product.tpl on line 11
2017-08-21 16:20:09 - PHP Notice:  Use of undefined constant breadcrumb - assumed 'breadcrumb' in C:\xampp\htdocs\ptd.loc\catalog\view\theme\styletour\template\product\product.tpl on line 11
2017-08-21 16:20:09 - PHP Warning:  Illegal string offset 'href' in C:\xampp\htdocs\ptd.loc\catalog\view\theme\styletour\template\product\product.tpl on line 11
2017-08-21 16:20:09 - PHP Notice:  Use of undefined constant breadcrumb - assumed 'breadcrumb' in C:\xampp\htdocs\ptd.loc\catalog\view\theme\styletour\template\product\product.tpl on line 11
2017-08-21 16:20:09 - PHP Warning:  Illegal string offset 'href' in C:\xampp\htdocs\ptd.loc\catalog\view\theme\styletour\template\product\product.tpl on line 11
2017-08-21 16:20:45 - PHP Notice:  Use of undefined constant breadcrumb - assumed 'breadcrumb' in C:\xampp\htdocs\ptd.loc\catalog\view\theme\styletour\template\product\product.tpl on line 11
2017-08-21 16:20:45 - PHP Warning:  Illegal string offset 'href' in C:\xampp\htdocs\ptd.loc\catalog\view\theme\styletour\template\product\product.tpl on line 11
2017-08-21 16:20:45 - PHP Notice:  Use of undefined constant breadcrumb - assumed 'breadcrumb' in C:\xampp\htdocs\ptd.loc\catalog\view\theme\styletour\template\product\product.tpl on line 11
2017-08-21 16:20:45 - PHP Warning:  Illegal string offset 'href' in C:\xampp\htdocs\ptd.loc\catalog\view\theme\styletour\template\product\product.tpl on line 11
2017-08-21 16:21:39 - PHP Notice:  Use of undefined constant breadcrumb - assumed 'breadcrumb' in C:\xampp\htdocs\ptd.loc\catalog\view\theme\styletour\template\product\product.tpl on line 11
2017-08-21 16:21:39 - PHP Warning:  Illegal string offset 'href' in C:\xampp\htdocs\ptd.loc\catalog\view\theme\styletour\template\product\product.tpl on line 11
2017-08-21 16:21:39 - PHP Notice:  Use of undefined constant breadcrumb - assumed 'breadcrumb' in C:\xampp\htdocs\ptd.loc\catalog\view\theme\styletour\template\product\product.tpl on line 11
2017-08-21 16:21:39 - PHP Warning:  Illegal string offset 'href' in C:\xampp\htdocs\ptd.loc\catalog\view\theme\styletour\template\product\product.tpl on line 11
2017-08-21 16:21:56 - PHP Notice:  Use of undefined constant breadcrumb - assumed 'breadcrumb' in C:\xampp\htdocs\ptd.loc\catalog\view\theme\styletour\template\product\product.tpl on line 11
2017-08-21 16:21:56 - PHP Warning:  Illegal string offset 'href' in C:\xampp\htdocs\ptd.loc\catalog\view\theme\styletour\template\product\product.tpl on line 11
2017-08-21 16:21:56 - PHP Notice:  Use of undefined constant breadcrumb - assumed 'breadcrumb' in C:\xampp\htdocs\ptd.loc\catalog\view\theme\styletour\template\product\product.tpl on line 11
2017-08-21 16:21:56 - PHP Warning:  Illegal string offset 'href' in C:\xampp\htdocs\ptd.loc\catalog\view\theme\styletour\template\product\product.tpl on line 11
2017-08-21 16:25:53 - PHP Notice:  Use of undefined constant breadcrumb - assumed 'breadcrumb' in C:\xampp\htdocs\ptd.loc\catalog\view\theme\styletour\template\product\product.tpl on line 11
2017-08-21 16:25:53 - PHP Warning:  Illegal string offset 'href' in C:\xampp\htdocs\ptd.loc\catalog\view\theme\styletour\template\product\product.tpl on line 11
2017-08-21 16:25:53 - PHP Notice:  Use of undefined constant breadcrumb - assumed 'breadcrumb' in C:\xampp\htdocs\ptd.loc\catalog\view\theme\styletour\template\product\product.tpl on line 11
2017-08-21 16:25:53 - PHP Warning:  Illegal string offset 'href' in C:\xampp\htdocs\ptd.loc\catalog\view\theme\styletour\template\product\product.tpl on line 11
2017-08-21 16:26:48 - PHP Notice:  Use of undefined constant breadcrumb - assumed 'breadcrumb' in C:\xampp\htdocs\ptd.loc\catalog\view\theme\styletour\template\product\product.tpl on line 11
2017-08-21 16:26:48 - PHP Warning:  Illegal string offset 'href' in C:\xampp\htdocs\ptd.loc\catalog\view\theme\styletour\template\product\product.tpl on line 11
2017-08-21 16:26:48 - PHP Notice:  Use of undefined constant breadcrumb - assumed 'breadcrumb' in C:\xampp\htdocs\ptd.loc\catalog\view\theme\styletour\template\product\product.tpl on line 11
2017-08-21 16:26:48 - PHP Warning:  Illegal string offset 'href' in C:\xampp\htdocs\ptd.loc\catalog\view\theme\styletour\template\product\product.tpl on line 11
2017-08-22 11:51:10 - PHP Notice:  Undefined variable: text_loading in C:\xampp\htdocs\ptd.loc\catalog\view\theme\styletour\template\checkout\cart.tpl on line 2
2017-08-22 11:51:10 - PHP Notice:  Undefined variable: text_items in C:\xampp\htdocs\ptd.loc\catalog\view\theme\styletour\template\checkout\cart.tpl on line 2
2017-08-22 11:51:10 - PHP Notice:  Undefined variable: cart in C:\xampp\htdocs\ptd.loc\catalog\view\theme\styletour\template\checkout\cart.tpl on line 49
2017-08-22 11:51:10 - PHP Notice:  Undefined variable: text_cart in C:\xampp\htdocs\ptd.loc\catalog\view\theme\styletour\template\checkout\cart.tpl on line 49
2017-08-22 11:51:10 - PHP Notice:  Undefined variable: text_checkout in C:\xampp\htdocs\ptd.loc\catalog\view\theme\styletour\template\checkout\cart.tpl on line 49
2017-08-22 11:51:16 - PHP Notice:  Undefined variable: text_loading in C:\xampp\htdocs\ptd.loc\catalog\view\theme\styletour\template\checkout\cart.tpl on line 2
2017-08-22 11:51:16 - PHP Notice:  Undefined variable: text_items in C:\xampp\htdocs\ptd.loc\catalog\view\theme\styletour\template\checkout\cart.tpl on line 2
2017-08-22 11:51:16 - PHP Notice:  Undefined variable: cart in C:\xampp\htdocs\ptd.loc\catalog\view\theme\styletour\template\checkout\cart.tpl on line 49
2017-08-22 11:51:16 - PHP Notice:  Undefined variable: text_cart in C:\xampp\htdocs\ptd.loc\catalog\view\theme\styletour\template\checkout\cart.tpl on line 49
2017-08-22 11:51:16 - PHP Notice:  Undefined variable: text_checkout in C:\xampp\htdocs\ptd.loc\catalog\view\theme\styletour\template\checkout\cart.tpl on line 49
2017-08-22 13:22:13 - PHP Warning:  mail(): Failed to connect to mailserver at &quot;localhost&quot; port 25, verify your &quot;SMTP&quot; and &quot;smtp_port&quot; setting in php.ini or use ini_set() in C:\xampp\htdocs\ptd.loc\system\library\mail.php on line 158
2017-08-22 13:22:14 - PHP Warning:  mail(): Failed to connect to mailserver at &quot;localhost&quot; port 25, verify your &quot;SMTP&quot; and &quot;smtp_port&quot; setting in php.ini or use ini_set() in C:\xampp\htdocs\ptd.loc\system\library\mail.php on line 158
